  ModuleWindow.cpp
  ModuleTextures.cpp
  ModuleSceneIntro.cpp
c:\users\asier\documents\github\test\modulesceneintro.cpp(97): warning C4244: 'argument': conversion from 'int' to 'float', possible loss of data
c:\users\asier\documents\github\test\modulesceneintro.cpp(99): warning C4244: 'argument': conversion from 'int' to 'float', possible loss of data
c:\users\asier\documents\github\test\modulesceneintro.cpp(101): warning C4244: 'argument': conversion from 'float' to 'int', possible loss of data
c:\users\asier\documents\github\test\modulesceneintro.cpp(104): warning C4244: 'argument': conversion from 'float' to 'int', possible loss of data
c:\users\asier\documents\github\test\modulesceneintro.cpp(112): warning C4101: 'y': unreferenced local variable
c:\users\asier\documents\github\test\modulesceneintro.cpp(112): warning C4101: 'x': unreferenced local variable
c:\program files (x86)\microsoft visual studio 14.0\vc\include\limits(210): warning C4577: 'noexcept' used with no exception handling mode specified; termination on exception is not guaranteed. Specify /EHsc
  ModuleRender.cpp
  ModulePlayer.cpp
  ModulePhysics.cpp
c:\users\asier\documents\github\test\modulephysics.cpp(180): warning C4018: '<': signed/unsigned mismatch
c:\users\asier\documents\github\test\modulephysics.cpp(401): warning C4244: 'initializing': conversion from 'int' to 'float', possible loss of data
c:\users\asier\documents\github\test\modulephysics.cpp(402): warning C4244: 'initializing': conversion from 'int' to 'float', possible loss of data
c:\users\asier\documents\github\test\modulephysics.cpp(408): warning C4244: 'return': conversion from 'float32' to 'int', possible loss of data
c:\program files (x86)\microsoft visual studio 14.0\vc\include\cmath(131): warning C4577: 'noexcept' used with no exception handling mode specified; termination on exception is not guaranteed. Specify /EHsc
  ModuleInput.cpp
  ModuleAudio.cpp
  Main.cpp
  log.cpp
  Application.cpp
c:\program files (x86)\microsoft visual studio 14.0\vc\include\limits(210): warning C4577: 'noexcept' used with no exception handling mode specified; termination on exception is not guaranteed. Specify /EHsc
  Generating Code...
  SDL Game.vcxproj -> C:\Users\asier\Documents\GitHub\test\Debug\2D Physics - class 4.exe
  SDL Game.vcxproj -> C:\Users\asier\Documents\GitHub\test\Debug\2D Physics - class 4.pdb (Full PDB)
